This is pdfTeX, Version 3.14159265-2.6-1.40.19 (MiKTeX 2.9.6730 64-bit) (preloaded format=pdflatex 2018.7.26)  2 JUL 2019 10:46
entering extended mode
**c:/Users/Lesego/Documents/GitHub/Botic/docs/uncompiled/SRS/Botic_SRS.tex
(c:/Users/Lesego/Documents/GitHub/Botic/docs/uncompiled/SRS/Botic_SRS.tex
LaTeX2e <2018-04-01> patch level 5
("C:\Users\Lesego\AppData\Local\Programs\MiKTeX 2.9\tex\latex\base\article.cls"
Document Class: article 2014/09/29 v1.4h Standard LaTeX document class
("C:\Users\Lesego\AppData\Local\Programs\MiKTeX 2.9\tex\latex\base\size11.clo"
File: size11.clo 2014/09/29 v1.4h Standard LaTeX file (size option)
)
\c@part=\count80
\c@section=\count81
\c@subsection=\count82
\c@subsubsection=\count83
\c@paragraph=\count84
\c@subparagraph=\count85
\c@figure=\count86
\c@table=\count87
\abovecaptionskip=\skip41
\belowcaptionskip=\skip42
\bibindent=\dimen102
) ("C:\Users\Lesego\AppData\Local\Programs\MiKTeX 2.9\tex\latex\base\inputenc.sty"
Package: inputenc 2018/04/06 v1.3b Input encoding file
\inpenc@prehook=\toks14
\inpenc@posthook=\toks15
) ("C:\Users\Lesego\AppData\Local\Programs\MiKTeX 2.9\tex\latex\graphics\graphicx.sty"
Package: graphicx 2017/06/01 v1.1a Enhanced LaTeX Graphics (DPC,SPQR)
 ("C:\Users\Lesego\AppData\Local\Programs\MiKTeX 2.9\tex\latex\graphics\keyval.sty"
Package: keyval 2014/10/28 v1.15 key=value parser (DPC)
\KV@toks@=\toks16
) ("C:\Users\Lesego\AppData\Local\Programs\MiKTeX 2.9\tex\latex\graphics\graphics.sty"
Package: graphics 2017/06/25 v1.2c Standard LaTeX Graphics (DPC,SPQR)
 ("C:\Users\Lesego\AppData\Local\Programs\MiKTeX 2.9\tex\latex\graphics\trig.sty"
Package: trig 2016/01/03 v1.10 sin cos tan (DPC)
) ("C:\Users\Lesego\AppData\Local\Programs\MiKTeX 2.9\tex\latex\graphics-cfg\graphics.cfg"
File: graphics.cfg 2016/06/04 v1.11 sample graphics configuration
)
Package graphics Info: Driver file: pdftex.def on input line 99.
 ("C:\Users\Lesego\AppData\Local\Programs\MiKTeX 2.9\tex\latex\graphics-def\pdftex.def"
File: pdftex.def 2018/01/08 v1.0l Graphics/color driver for pdftex
))
\Gin@req@height=\dimen103
\Gin@req@width=\dimen104
) ("C:\Users\Lesego\AppData\Local\Programs\MiKTeX 2.9\tex\latex\hyperref\hyperref.sty"
Package: hyperref 2018/02/06 v6.86b Hypertext links for LaTeX
 ("C:\Users\Lesego\AppData\Local\Programs\MiKTeX 2.9\tex\generic\oberdiek\hobsub-hyperref.sty"
Package: hobsub-hyperref 2016/05/16 v1.14 Bundle oberdiek, subset hyperref (HO)
 ("C:\Users\Lesego\AppData\Local\Programs\MiKTeX 2.9\tex\generic\oberdiek\hobsub-generic.sty"
Package: hobsub-generic 2016/05/16 v1.14 Bundle oberdiek, subset generic (HO)
Package: hobsub 2016/05/16 v1.14 Construct package bundles (HO)
Package: infwarerr 2016/05/16 v1.4 Providing info/warning/error messages (HO)
Package: ltxcmds 2016/05/16 v1.23 LaTeX kernel commands for general use (HO)
Package: ifluatex 2016/05/16 v1.4 Provides the ifluatex switch (HO)
Package ifluatex Info: LuaTeX not detected.
Package: ifvtex 2016/05/16 v1.6 Detect VTeX and its facilities (HO)
Package ifvtex Info: VTeX not detected.
Package: intcalc 2016/05/16 v1.2 Expandable calculations with integers (HO)
Package: ifpdf 2017/03/15 v3.2 Provides the ifpdf switch
Package: etexcmds 2016/05/16 v1.6 Avoid name clashes with e-TeX commands (HO)
Package etexcmds Info: Could not find \expanded.
(etexcmds)             That can mean that you are not using pdfTeX 1.50 or
(etexcmds)             that some package has redefined \expanded.
(etexcmds)             In the latter case, load this package earlier.
Package: kvsetkeys 2016/05/16 v1.17 Key value parser (HO)
Package: kvdefinekeys 2016/05/16 v1.4 Define keys (HO)
Package: pdftexcmds 2018/01/30 v0.27 Utility functions of pdfTeX for LuaTeX (HO)
Package pdftexcmds Info: LuaTeX not detected.
Package pdftexcmds Info: \pdf@primitive is available.
Package pdftexcmds Info: \pdf@ifprimitive is available.
Package pdftexcmds Info: \pdfdraftmode found.
Package: pdfescape 2016/05/16 v1.14 Implements pdfTeX's escape features (HO)
Package: bigintcalc 2016/05/16 v1.4 Expandable calculations on big integers (HO)
Package: bitset 2016/05/16 v1.2 Handle bit-vector datatype (HO)
Package: uniquecounter 2016/05/16 v1.3 Provide unlimited unique counter (HO)
)
Package hobsub Info: Skipping package `hobsub' (already loaded).
Package: letltxmacro 2016/05/16 v1.5 Let assignment for LaTeX macros (HO)
Package: hopatch 2016/05/16 v1.3 Wrapper for package hooks (HO)
Package: xcolor-patch 2016/05/16 xcolor patch
Package: atveryend 2016/05/16 v1.9 Hooks at the very end of document (HO)
Package atveryend Info: \enddocument detected (standard20110627).
Package: atbegshi 2016/06/09 v1.18 At begin shipout hook (HO)
Package: refcount 2016/05/16 v3.5 Data extraction from label references (HO)
Package: hycolor 2016/05/16 v1.8 Color options for hyperref/bookmark (HO)
) ("C:\Users\Lesego\AppData\Local\Programs\MiKTeX 2.9\tex\generic\ifxetex\ifxetex.sty"
Package: ifxetex 2010/09/12 v0.6 Provides ifxetex conditional
) ("C:\Users\Lesego\AppData\Local\Programs\MiKTeX 2.9\tex\latex\oberdiek\auxhook.sty"
Package: auxhook 2016/05/16 v1.4 Hooks for auxiliary files (HO)
) ("C:\Users\Lesego\AppData\Local\Programs\MiKTeX 2.9\tex\latex\oberdiek\kvoptions.sty"
Package: kvoptions 2016/05/16 v3.12 Key value format for package options (HO)
)
\@linkdim=\dimen105
\Hy@linkcounter=\count88
\Hy@pagecounter=\count89
 ("C:\Users\Lesego\AppData\Local\Programs\MiKTeX 2.9\tex\latex\hyperref\pd1enc.def"
File: pd1enc.def 2018/02/06 v6.86b Hyperref: PDFDocEncoding definition (HO)
Now handling font encoding PD1 ...
... no UTF-8 mapping file for font encoding PD1
)
\Hy@SavedSpaceFactor=\count90
 ("C:\Users\Lesego\AppData\Local\Programs\MiKTeX 2.9\tex\latex\00miktex\hyperref.cfg"
File: hyperref.cfg 2002/06/06 v1.2 hyperref configuration of TeXLive
)
Package hyperref Info: Option `linktocpage' set `true' on input line 4383.
Package hyperref Info: Hyper figures OFF on input line 4509.
Package hyperref Info: Link nesting OFF on input line 4514.
Package hyperref Info: Hyper index ON on input line 4517.
Package hyperref Info: Plain pages OFF on input line 4524.
Package hyperref Info: Backreferencing OFF on input line 4529.
Package hyperref Info: Implicit mode ON; LaTeX internals redefined.
Package hyperref Info: Bookmarks ON on input line 4762.
\c@Hy@tempcnt=\count91
 ("C:\Users\Lesego\AppData\Local\Programs\MiKTeX 2.9\tex\latex\url\url.sty"
\Urlmuskip=\muskip10
Package: url 2013/09/16  ver 3.4  Verb mode for urls, etc.
)
LaTeX Info: Redefining \url on input line 5115.
\XeTeXLinkMargin=\dimen106
\Fld@menulength=\count92
\Field@Width=\dimen107
\Fld@charsize=\dimen108
Package hyperref Info: Hyper figures OFF on input line 6369.
Package hyperref Info: Link nesting OFF on input line 6374.
Package hyperref Info: Hyper index ON on input line 6377.
Package hyperref Info: backreferencing OFF on input line 6384.
Package hyperref Info: Link coloring OFF on input line 6389.
Package hyperref Info: Link coloring with OCG OFF on input line 6394.
Package hyperref Info: PDF/A mode OFF on input line 6399.
LaTeX Info: Redefining \ref on input line 6439.
LaTeX Info: Redefining \pageref on input line 6443.
\Hy@abspage=\count93
\c@Item=\count94
\c@Hfootnote=\count95
)
Package hyperref Info: Driver (autodetected): hpdftex.
 ("C:\Users\Lesego\AppData\Local\Programs\MiKTeX 2.9\tex\latex\hyperref\hpdftex.def"
File: hpdftex.def 2018/02/06 v6.86b Hyperref driver for pdfTeX
\Fld@listcount=\count96
\c@bookmark@seq@number=\count97
 ("C:\Users\Lesego\AppData\Local\Programs\MiKTeX 2.9\tex\latex\oberdiek\rerunfilecheck.sty"
Package: rerunfilecheck 2016/05/16 v1.8 Rerun checks for auxiliary files (HO)
Package uniquecounter Info: New unique counter `rerunfilecheck' on input line 282.
)
\Hy@SectionHShift=\skip43
) ("C:\Users\Lesego\AppData\Local\Programs\MiKTeX 2.9\tex\latex\geometry\geometry.sty"
Package: geometry 2018/04/16 v5.8 Page Geometry
\Gm@cnth=\count98
\Gm@cntv=\count99
\c@Gm@tempcnt=\count100
\Gm@bindingoffset=\dimen109
\Gm@wd@mp=\dimen110
\Gm@odd@mp=\dimen111
\Gm@even@mp=\dimen112
\Gm@layoutwidth=\dimen113
\Gm@layoutheight=\dimen114
\Gm@layouthoffset=\dimen115
\Gm@layoutvoffset=\dimen116
\Gm@dimlist=\toks17
 ("C:\Users\Lesego\AppData\Local\Programs\MiKTeX 2.9\tex\latex\geometry\geometry.cfg")) ("C:\Users\Lesego\AppData\Local\Programs\MiKTeX 2.9\tex\latex\oberdiek\bookmark.sty"
Package: bookmark 2016/05/17 v1.26 PDF bookmarks (HO)
 ("C:\Users\Lesego\AppData\Local\Programs\MiKTeX 2.9\tex\latex\oberdiek\bkm-pdftex.def"
File: bkm-pdftex.def 2016/05/17 v1.26 bookmark driver for pdfTeX (HO)
\BKM@id=\count101
)) ("C:\Users\Lesego\AppData\Local\Programs\MiKTeX 2.9\tex\latex\float\float.sty"
Package: float 2001/11/08 v1.3d Float enhancements (AL)
\c@float@type=\count102
\float@exts=\toks18
\float@box=\box26
\@float@everytoks=\toks19
\@floatcapt=\box27
) ("C:\Users\Lesego\AppData\Local\Programs\MiKTeX 2.9\tex\latex\psnfss\mathpazo.sty"
Package: mathpazo 2005/04/12 PSNFSS-v9.2a Palatino w/ Pazo Math (D.Puga, WaS) 
\symupright=\mathgroup4
) ("C:\Users\Lesego\AppData\Local\Programs\MiKTeX 2.9\tex\latex\base\fontenc.sty"
Package: fontenc 2017/04/05 v2.0i Standard LaTeX package
 ("C:\Users\Lesego\AppData\Local\Programs\MiKTeX 2.9\tex\latex\base\t1enc.def"
File: t1enc.def 2017/04/05 v2.0i Standard LaTeX file
LaTeX Font Info:    Redeclaring font encoding T1 on input line 48.
))
LaTeX Font Info:    Try loading font information for T1+dayrom on input line 20.
LaTeX Font Info:    No file T1dayrom.fd. on input line 20.


LaTeX Font Warning: Font shape `T1/dayrom/m/n' undefined
(Font)              using `T1/cmr/m/n' instead on input line 20.

("C:\Users\Lesego\AppData\Local\Programs\MiKTeX 2.9\tex\latex\enumitem\enumitem.sty"
Package: enumitem 2011/09/28 v3.5.2 Customized lists
\labelindent=\skip44
\enit@outerparindent=\dimen117
\enit@toks=\toks20
\enit@inbox=\box28
\enitdp@description=\count103
) ("C:\Users\Lesego\AppData\Local\Programs\MiKTeX 2.9\tex\latex\etoolbox\etoolbox.sty"
Package: etoolbox 2018/02/11 v2.5e e-TeX tools for LaTeX (JAW)
\etb@tempcnta=\count104
) ("C:\Users\Lesego\AppData\Local\Programs\MiKTeX 2.9\tex\latex\tools\verbatim.sty"
Package: verbatim 2014/10/28 v1.5q LaTeX2e package for verbatim enhancements
\every@verbatim=\toks21
\verbatim@line=\toks22
\verbatim@in@stream=\read1
) (c:/Users\Lesego\Documents\GitHub\Botic\docs\uncompiled\SRS\Botic_SRS.aux)
\openout1 = `Botic_SRS.aux'.

LaTeX Font Info:    Checking defaults for OML/cmm/m/it on input line 32.
LaTeX Font Info:    ... okay on input line 32.
LaTeX Font Info:    Checking defaults for T1/cmr/m/n on input line 32.
LaTeX Font Info:    ... okay on input line 32.
LaTeX Font Info:    Checking defaults for OT1/cmr/m/n on input line 32.
LaTeX Font Info:    ... okay on input line 32.
LaTeX Font Info:    Checking defaults for OMS/cmsy/m/n on input line 32.
LaTeX Font Info:    ... okay on input line 32.
LaTeX Font Info:    Checking defaults for OMX/cmex/m/n on input line 32.
LaTeX Font Info:    ... okay on input line 32.
LaTeX Font Info:    Checking defaults for U/cmr/m/n on input line 32.
LaTeX Font Info:    ... okay on input line 32.
LaTeX Font Info:    Checking defaults for PD1/pdf/m/n on input line 32.
LaTeX Font Info:    ... okay on input line 32.
 ("C:\Users\Lesego\AppData\Local\Programs\MiKTeX 2.9\tex\context\base\supp-pdf.mkii"
[Loading MPS to PDF converter (version 2006.09.02).]
\scratchcounter=\count105
\scratchdimen=\dimen118
\scratchbox=\box29
\nofMPsegments=\count106
\nofMParguments=\count107
\everyMPshowfont=\toks23
\MPscratchCnt=\count108
\MPscratchDim=\dimen119
\MPnumerator=\count109
\makeMPintoPDFobject=\count110
\everyMPtoPDFconversion=\toks24
) ("C:\Users\Lesego\AppData\Local\Programs\MiKTeX 2.9\tex\latex\oberdiek\epstopdf-base.sty"
Package: epstopdf-base 2016/05/15 v2.6 Base part for package epstopdf
 ("C:\Users\Lesego\AppData\Local\Programs\MiKTeX 2.9\tex\latex\oberdiek\grfext.sty"
Package: grfext 2016/05/16 v1.2 Manage graphics extensions (HO)
)
Package epstopdf-base Info: Redefining graphics rule for `.eps' on input line 438.
Package grfext Info: Graphics extension search list:
(grfext)             [.pdf,.png,.jpg,.mps,.jpeg,.jbig2,.jb2,.PDF,.PNG,.JPG,.JPEG,.JBIG2,.JB2,.eps]
(grfext)             \AppendGraphicsExtensions on input line 456.
)
\AtBeginShipoutBox=\box30
Package hyperref Info: Link coloring OFF on input line 32.
 ("C:\Users\Lesego\AppData\Local\Programs\MiKTeX 2.9\tex\latex\hyperref\nameref.sty"
Package: nameref 2016/05/21 v2.44 Cross-referencing by name of section
 ("C:\Users\Lesego\AppData\Local\Programs\MiKTeX 2.9\tex\generic\oberdiek\gettitlestring.sty"
Package: gettitlestring 2016/05/16 v1.5 Cleanup title references (HO)
)
\c@section@level=\count111
)
LaTeX Info: Redefining \ref on input line 32.
LaTeX Info: Redefining \pageref on input line 32.
LaTeX Info: Redefining \nameref on input line 32.

*geometry* driver: auto-detecting
*geometry* detected driver: pdftex
*geometry* verbose mode - [ preamble ] result:
* driver: pdftex
* paper: <default>
* layout: <same size as paper>
* layoutoffset:(h,v)=(0.0pt,0.0pt)
* modes: 
* h-part:(L,W,R)=(56.9055pt, 500.484pt, 56.9055pt)
* v-part:(T,H,B)=(56.9055pt, 681.15898pt, 56.9055pt)
* \paperwidth=614.295pt
* \paperheight=794.96999pt
* \textwidth=500.484pt
* \textheight=681.15898pt
* \oddsidemargin=-15.36449pt
* \evensidemargin=-15.36449pt
* \topmargin=-52.36449pt
* \headheight=12.0pt
* \headsep=25.0pt
* \topskip=11.0pt
* \footskip=30.0pt
* \marginparwidth=59.0pt
* \marginparsep=10.0pt
* \columnsep=10.0pt
* \skip\footins=10.0pt plus 4.0pt minus 2.0pt
* \hoffset=0.0pt
* \voffset=0.0pt
* \mag=1000
* \@twocolumnfalse
* \@twosidefalse
* \@mparswitchfalse
* \@reversemarginfalse
* (1in=72.27pt=25.4mm, 1cm=28.453pt)

\big@size=\dimen120

LaTeX Font Warning: Font shape `T1/dayrom/m/sc' undefined
(Font)              using `T1/dayrom/m/n' instead on input line 38.


LaTeX Font Warning: Font shape `T1/dayrom/bx/n' undefined
(Font)              using `T1/dayrom/m/n' instead on input line 44.

LaTeX Font Info:    Try loading font information for T1+cmss on input line 57.
("C:\Users\Lesego\AppData\Local\Programs\MiKTeX 2.9\tex\latex\base\t1cmss.fd"
File: t1cmss.fd 2014/09/29 v2.5h Standard LaTeX font definitions
) [1

{C:/Users/Lesego/AppData/Local/MiKTeX/2.9/pdftex/config/pdftex.map}] (c:/Users\Lesego\Documents\GitHub\Botic\docs\uncompiled\SRS\Botic_SRS.toc
LaTeX Font Info:    Try loading font information for OT1+ppl on input line 2.
 ("C:\Users\Lesego\AppData\Local\Programs\MiKTeX 2.9\tex\latex\psnfss\ot1ppl.fd"
File: ot1ppl.fd 2001/06/04 font definitions for OT1/ppl.
)
LaTeX Font Info:    Try loading font information for OML+zplm on input line 2.
 ("C:\Users\Lesego\AppData\Local\Programs\MiKTeX 2.9\tex\latex\psnfss\omlzplm.fd"
File: omlzplm.fd 2002/09/08 Fontinst v1.914 font definitions for OML/zplm.
)
LaTeX Font Info:    Try loading font information for OMS+zplm on input line 2.
 ("C:\Users\Lesego\AppData\Local\Programs\MiKTeX 2.9\tex\latex\psnfss\omszplm.fd"
File: omszplm.fd 2002/09/08 Fontinst v1.914 font definitions for OMS/zplm.
)
LaTeX Font Info:    Try loading font information for OMX+zplm on input line 2.
 ("C:\Users\Lesego\AppData\Local\Programs\MiKTeX 2.9\tex\latex\psnfss\omxzplm.fd"
File: omxzplm.fd 2002/09/08 Fontinst v1.914 font definitions for OMX/zplm.
)
LaTeX Font Info:    Try loading font information for OT1+zplm on input line 2.
 ("C:\Users\Lesego\AppData\Local\Programs\MiKTeX 2.9\tex\latex\psnfss\ot1zplm.fd"
File: ot1zplm.fd 2002/09/08 Fontinst v1.914 font definitions for OT1/zplm.
)pdfTeX warning (ext4): destination with the same identifier (name{page.1}) has been already used, duplicate ignored
<to be read again> 
                   \relax 
l.48 ...2}Architectural Style}{16}{subsection.4.2}
                                                   [1])
\tf@toc=\write3
\openout3 = `Botic_SRS.toc'.

 [2]
<../../images/Botic_Domain_Diagram.png, id=119, 1608.0075pt x 1033.8625pt>
File: ../../images/Botic_Domain_Diagram.png Graphic file (type png)
<use ../../images/Botic_Domain_Diagram.png>
Package pdftex.def Info: ../../images/Botic_Domain_Diagram.png  used on input line 83.
(pdftex.def)             Requested size: 500.484pt x 321.77188pt.
 [3]
Underfull \hbox (badness 10000) in paragraph at lines 95--95
[]\T1/dayrom/bx/n/10.95 Historic
 []

[4pdfTeX warning (ext4): destination with the same identifier (name{figure.1}) has been already used, duplicate ignored

\AtBegShi@Output ...ipout \box \AtBeginShipoutBox 
                                                  \fi \fi 
l.118 \subsection
                 {References} <../../images/Botic_Domain_Diagram.png>] (c:/Users\Lesego\Documents\GitHub\Botic\docs\uncompiled\SRS\Botic_SRS.bbl

LaTeX Font Warning: Font shape `T1/dayrom/m/it' undefined
(Font)              using `T1/dayrom/m/n' instead on input line 31.

) [5]
<../../images/Botic_Deployment_Diagram.jpg, id=149, 763.85374pt x 442.65375pt>
File: ../../images/Botic_Deployment_Diagram.jpg Graphic file (type jpg)
<use ../../images/Botic_Deployment_Diagram.jpg>
Package pdftex.def Info: ../../images/Botic_Deployment_Diagram.jpg  used on input line 150.
(pdftex.def)             Requested size: 500.484pt x 290.0315pt.
 [6pdfTeX warning (ext4): destination with the same identifier (name{figure.2}) has been already used, duplicate ignored

\AtBegShi@Output ...ipout \box \AtBeginShipoutBox 
                                                  \fi \fi 
l.165 
       <../../images/Botic_Deployment_Diagram.jpg>]
<../../images/implicit-grant.png, id=157, 1123.94907pt x 737.00343pt>
File: ../../images/implicit-grant.png Graphic file (type png)
<use ../../images/implicit-grant.png>
Package pdftex.def Info: ../../images/implicit-grant.png  used on input line 191.
(pdftex.def)             Requested size: 500.484pt x 328.17354pt.
 [7pdfTeX warning (ext4): destination with the same identifier (name{figure.3}) has been already used, duplicate ignored

\AtBegShi@Output ...ipout \box \AtBeginShipoutBox 
                                                  \fi \fi 
l.197 	\item A
              uth0 then authenticates the user. If the user is using one of ... <../../images/implicit-grant.png>]
<../../images/Information_Scraper_UCD.jpg, id=166, 690.58pt x 292.09125pt>
File: ../../images/Information_Scraper_UCD.jpg Graphic file (type jpg)
<use ../../images/Information_Scraper_UCD.jpg>
Package pdftex.def Info: ../../images/Information_Scraper_UCD.jpg  used on input line 205.
(pdftex.def)             Requested size: 500.484pt x 211.69164pt.
<../../images/AI_Chatbot_UCD.jpg, id=167, 696.6025pt x 457.71pt>
File: ../../images/AI_Chatbot_UCD.jpg Graphic file (type jpg)
<use ../../images/AI_Chatbot_UCD.jpg>
Package pdftex.def Info: ../../images/AI_Chatbot_UCD.jpg  used on input line 215.
(pdftex.def)             Requested size: 500.484pt x 328.84557pt.
 [8pdfTeX warning (ext4): destination with the same identifier (name{figure.4}) has been already used, duplicate ignored

\AtBegShi@Output ...ipout \box \AtBeginShipoutBox 
                                                  \fi \fi 
l.218 
       <../../images/Information_Scraper_UCD.jpg>]
<../../images/AI_Backend_UCD.jpg, id=176, 685.56125pt x 442.65375pt>
File: ../../images/AI_Backend_UCD.jpg Graphic file (type jpg)
<use ../../images/AI_Backend_UCD.jpg>
Package pdftex.def Info: ../../images/AI_Backend_UCD.jpg  used on input line 225.
(pdftex.def)             Requested size: 500.484pt x 323.16154pt.
 [9pdfTeX warning (ext4): destination with the same identifier (name{figure.5}) has been already used, duplicate ignored

\AtBegShi@Output ...ipout \box \AtBeginShipoutBox 
                                                  \fi \fi 
l.228 
       <../../images/AI_Chatbot_UCD.jpg>] [10pdfTeX warning (ext4): destination with the same identifier (name{figure.6}) has been already used, duplicate ignored

\AtBegShi@Output ...ipout \box \AtBeginShipoutBox 
                                                  \fi \fi 
l.245 
       <../../images/AI_Backend_UCD.jpg>] [11] [12] [13] [14] [15]
<../../images/Botic_Simplified_Architectural_Design.jpg, id=292, 430.60875pt x 804.00375pt>
File: ../../images/Botic_Simplified_Architectural_Design.jpg Graphic file (type jpg)
<use ../../images/Botic_Simplified_Architectural_Design.jpg>
Package pdftex.def Info: ../../images/Botic_Simplified_Architectural_Design.jpg  used on input line 505.
(pdftex.def)             Requested size: 250.24199pt x 467.24261pt.
 [16]
Package atveryend Info: Empty hook `BeforeClearDocument' on input line 509.
 [17pdfTeX warning (ext4): destination with the same identifier (name{figure.7}) has been already used, duplicate ignored

\AtBegShi@Output ...ipout \box \AtBeginShipoutBox 
                                                  \fi \fi 
l.509 \end{document}
                     <../../images/Botic_Simplified_Architectural_Design.jpg>]
Package atveryend Info: Empty hook `AfterLastShipout' on input line 509.
 (c:/Users\Lesego\Documents\GitHub\Botic\docs\uncompiled\SRS\Botic_SRS.aux)
Package atveryend Info: Executing hook `AtVeryEndDocument' on input line 509.
Package atveryend Info: Empty hook `AtEndAfterFileList' on input line 509.


LaTeX Font Warning: Some font shapes were not available, defaults substituted.

Package atveryend Info: Empty hook `AtVeryVeryEnd' on input line 509.
 ) 
Here is how much of TeX's memory you used:
 6994 strings out of 492973
 105100 string characters out of 3126249
 202674 words of memory out of 3000000
 10619 multiletter control sequences out of 15000+200000
 18081 words of font info for 41 fonts, out of 3000000 for 9000
 1141 hyphenation exceptions out of 8191
 28i,9n,32p,1003b,541s stack positions out of 5000i,500n,10000p,200000b,50000s
 <C:\Users\Lesego\AppData\Local\MiKTeX\2.9\fonts\pk\ljfour\jknappen\ec\dpi600\ecsx1095.pk> <C:\Users\Lesego\AppData\Local\MiKTeX\2.9\fonts\pk\ljfour\jknappen\ec\dpi600\ecsx1200.pk> <C:\Users\Lesego\AppData\Local\MiKTeX\2.9\fonts\pk\ljfour\jknappen\ec\dpi600\ecss1095.pk> <C:\Users\Lesego\AppData\Local\MiKTeX\2.9\fonts\pk\ljfour\jknappen\ec\dpi600\ecsx1440.pk> <C:\Users\Lesego\AppData\Local\MiKTeX\2.9\fonts\pk\ljfour\jknappen\ec\dpi600\ecrm1095.pk> <C:\Users\Lesego\AppData\Local\MiKTeX\2.9\fonts\pk\ljfour\jknappen\ec\dpi600\ecrm2074.pk> <C:\Users\Lesego\AppData\Local\MiKTeX\2.9\fonts\pk\ljfour\jknappen\ec\dpi600\ecrm1200.pk> <C:\Users\Lesego\AppData\Local\MiKTeX\2.9\fonts\pk\ljfour\jknappen\ec\dpi600\ecrm1440.pk> <C:\Users\Lesego\AppData\Local\MiKTeX\2.9\fonts\pk\ljfour\jknappen\ec\dpi600\ecrm1728.pk>
Output written on c:/Users\Lesego\Documents\GitHub\Botic\docs\uncompiled\SRS\Botic_SRS.pdf (18 pages, 546785 bytes).
PDF statistics:
 822 PDF objects out of 1000 (max. 8388607)
 163 named destinations out of 1000 (max. 500000)
 420 words of extra memory for PDF output out of 10000 (max. 10000000)

